
> my-v0-project@0.1.0 dev
> next dev

   ▲ Next.js 16.0.0 (Turbopack)
   - Local:        http://localhost:3000
   - Network:      http://192.168.0.12:3000
   - Environments: .env.local

 ✓ Starting...
 ✓ Ready in 388ms
 GET / 200 in 1009ms (compile: 910ms, render: 99ms)
 GET / 200 in 71ms (compile: 7ms, render: 64ms)
 ⚠ Found a change in next.config.js. Restarting the server to apply the changes...
   ▲ Next.js 16.0.0 (Turbopack)
   - Local:        http://localhost:3000
   - Network:      http://192.168.1.6:3000
   - Environments: .env.local

 ✓ Starting...
 ✓ Ready in 1345ms
 GET / 200 in 1232ms (compile: 1128ms, render: 104ms)
 GET / 200 in 43ms (compile: 7ms, render: 35ms)
 GET / 200 in 45ms (compile: 10ms, render: 35ms)
 GET /v0 200 in 278ms (compile: 246ms, render: 32ms)
 ⨯ ./package.json:1:1
Error parsing package.json file
package.json is not parseable: invalid JSON: EOF while parsing a value at line 1 column 0


 ✓ Compiled in 671ms
 GET /v0 500 in 975ms (compile: 892ms, render: 82ms)
 GET /v0 200 in 8ms (compile: 1655µs, render: 6ms)
 GET /v0 200 in 6ms (compile: 860µs, render: 5ms)
 GET /v0 200 in 9ms (compile: 1216µs, render: 8ms)
 GET /v0 200 in 6ms (compile: 1318µs, render: 5ms)
 GET /v0 200 in 9ms (compile: 1317µs, render: 7ms)
 GET /v0 200 in 9ms (compile: 809µs, render: 9ms)
 GET /v0 200 in 7ms (compile: 1190µs, render: 6ms)
 GET /v0 200 in 7ms (compile: 798µs, render: 6ms)
 GET /v0 200 in 9ms (compile: 743µs, render: 8ms)
 GET /v0 200 in 6ms (compile: 1219µs, render: 5ms)
 GET /v0 200 in 6ms (compile: 680µs, render: 5ms)
 GET /v0 200 in 9ms (compile: 844µs, render: 9ms)
 GET /v0 200 in 7ms (compile: 824µs, render: 6ms)
 GET /v0 200 in 84ms (compile: 3ms, render: 81ms)
 ⨯ ./package.json:1:1
Error parsing package.json file
package.json is not parseable: invalid JSON: EOF while parsing a value at line 1 column 0


 GET /v0 500 in 85ms (compile: 76ms, render: 9ms)
 ⨯ ./package.json:1:1
Error parsing package.json file
package.json is not parseable: invalid JSON: EOF while parsing a value at line 1 column 0


 GET /v0 500 in 10ms (compile: 5ms, render: 5ms)
 ⨯ ./package.json:1:1
Error parsing package.json file
package.json is not parseable: invalid JSON: EOF while parsing a value at line 1 column 0


 GET /v0 500 in 11ms (compile: 7ms, render: 4ms)
 ⨯ ./package.json:1:1
Error parsing package.json file
package.json is not parseable: invalid JSON: EOF while parsing a value at line 1 column 0


 GET /v0 500 in 9ms (compile: 4ms, render: 4ms)
 ⨯ ./package.json:1:1
Error parsing package.json file
package.json is not parseable: invalid JSON: EOF while parsing a value at line 1 column 0


 GET /v0 500 in 14ms (compile: 4ms, render: 10ms)
 ✓ Compiled in 40ms
 GET /v0 500 in 35ms (compile: 27ms, render: 8ms)
 GET /v0 200 in 17ms (compile: 1972µs, render: 15ms)
 GET /v0 200 in 11ms (compile: 1807µs, render: 10ms)
 GET /v0 200 in 9ms (compile: 824µs, render: 8ms)
 GET /v0 200 in 12ms (compile: 2ms, render: 9ms)
 GET /v0 200 in 7ms (compile: 1207µs, render: 5ms)
 GET /v0 200 in 6ms (compile: 835µs, render: 5ms)
 GET /v0 200 in 151ms (compile: 1444µs, render: 149ms)
 ✓ Compiled in 44ms
 ✓ Compiled in 64ms
 ✓ Compiled in 81ms
 GET /v0 200 in 79ms (compile: 63ms, render: 15ms)
 GET /v0 200 in 7ms (compile: 839µs, render: 6ms)
 GET /v0 200 in 155ms (compile: 11ms, render: 144ms)
 GET / 200 in 134ms (compile: 63ms, render: 71ms)
 ⨯ ./package.json:1:1
Error parsing package.json file
package.json is not parseable: invalid JSON: EOF while parsing a value at line 1 column 0


 GET / 500 in 57ms (compile: 45ms, render: 12ms)
 GET / 500 in 65ms (compile: 55ms, render: 10ms)
 GET / 200 in 21ms (compile: 1636µs, render: 20ms)
 GET / 200 in 10ms (compile: 1171µs, render: 9ms)
 GET / 200 in 9ms (compile: 738µs, render: 8ms)
 GET / 200 in 16ms (compile: 9ms, render: 7ms)
 GET / 200 in 5ms (compile: 685µs, render: 5ms)
 GET / 200 in 7ms (compile: 718µs, render: 6ms)
 GET / 200 in 6ms (compile: 788µs, render: 5ms)
 GET / 200 in 6ms (compile: 692µs, render: 5ms)
 GET / 200 in 6ms (compile: 1309µs, render: 5ms)
 GET / 200 in 6ms (compile: 746µs, render: 5ms)
 GET / 200 in 7ms (compile: 806µs, render: 6ms)
 GET / 200 in 8ms (compile: 987µs, render: 7ms)
 GET / 200 in 48ms (compile: 1912µs, render: 46ms)
 GET / 200 in 63ms (compile: 11ms, render: 52ms)
 GET / 200 in 46ms (compile: 3ms, render: 42ms)
 GET / 200 in 65ms (compile: 12ms, render: 53ms)
 GET /v0 200 in 58ms (compile: 8ms, render: 50ms)
 GET /v0 200 in 54ms (compile: 3ms, render: 51ms)
